\BOOKMARK [0][-]{chapter.1}{}{}% 1
\BOOKMARK [0][-]{chapter.2}{ \040A\265 \040}{}% 2
\BOOKMARK [0][-]{chapter.3}{ \265 HIR}{}% 3
\BOOKMARK [0][-]{chapter.4}{ LensKit}{}% 4
\BOOKMARK [1][-]{section.4.1}{}{chapter.4}% 5
\BOOKMARK [1][-]{section.4.2}{\265 \040LensKit}{chapter.4}% 6
\BOOKMARK [1][-]{section.4.3}{ \040 - }{chapter.4}% 7
\BOOKMARK [2][-]{subsection.4.3.1}{ \040}{section.4.3}% 8
\BOOKMARK [1][-]{section.4.4}{ \265}{chapter.4}% 9
\BOOKMARK [2][-]{subsection.4.4.1}{\265 \265}{section.4.4}% 10
\BOOKMARK [1][-]{section.4.5}{Modular \265}{chapter.4}% 11
\BOOKMARK [2][-]{subsection.4.5.1}{ \040\265\265}{section.4.5}% 12
\BOOKMARK [2][-]{subsection.4.5.2}{ \040 \040}{section.4.5}% 13
\BOOKMARK [2][-]{subsection.4.5.3}{\265 }{section.4.5}% 14
\BOOKMARK [2][-]{subsection.4.5.4}{\265 \265}{section.4.5}% 15
\BOOKMARK [2][-]{subsection.4.5.5}{ \265 \040 \265}{section.4.5}% 16
\BOOKMARK [2][-]{subsection.4.5.6}{A \265 \040M }{section.4.5}% 17
\BOOKMARK [2][-]{subsection.4.5.7}{ }{section.4.5}% 18
\BOOKMARK [0][-]{chapter.5}{ \040}{}% 19
\BOOKMARK [0][-]{chapter.6}{\265\265 \040 }{}% 20
\BOOKMARK [0][-]{chapter.7}{}{}% 21
\BOOKMARK [0][-]{chapter.8}{\265-}{}% 22
\BOOKMARK [0][-]{chapter*.5}{\337}{}% 23
